<?xml version="1.0" encoding="UTF-8"?>
<testsuite name="com.example.todoapp.TodoappApplicationTests" tests="1" skipped="0" failures="0" errors="0" timestamp="2023-06-30T05:37:49" hostname="BY" time="0.551">
  <properties/>
  <testcase name="contextLoads()" classname="com.example.todoapp.TodoappApplicationTests" time="0.551"/>
  <system-out><![CDATA[08:37:43.006 [Test worker] INFO org.springframework.test.context.support.AnnotationConfigContextLoaderUtils -- Could not detect default configuration classes for test class [com.example.todoapp.TodoappApplicationTests]: TodoappApplicationTests does not declare any static, non-private, non-final, nested classes annotated with @Configuration.
08:37:43.096 [Test worker] INFO org.springframework.boot.test.context.SpringBootTestContextBootstrapper -- Found @SpringBootConfiguration com.example.todoapp.TodoappApplication for test class com.example.todoapp.TodoappApplicationTests

  .   ____          _            __ _ _
 /\\ / ___'_ __ _ _(_)_ __  __ _ \ \ \ \
( ( )\___ | '_ | '_| | '_ \/ _` | \ \ \ \
 \\/  ___)| |_)| | | | | || (_| |  ) ) ) )
  '  |____| .__|_| |_|_| |_\__, | / / / /
 =========|_|==============|___/=/_/_/_/
 :: Spring Boot ::                (v3.1.1)

2023-06-30T08:37:43.460+03:00  INFO 35800 --- [    Test worker] c.e.todoapp.TodoappApplicationTests      : Starting TodoappApplicationTests using Java 19.0.1 with PID 35800 (started by brs_y in C:\Users\brs_y\OneDrive\Desktop\Rightyon\todoapp)
2023-06-30T08:37:43.463+03:00  INFO 35800 --- [    Test worker] c.e.todoapp.TodoappApplicationTests      : No active profile set, falling back to 1 default profile: "default"
2023-06-30T08:37:44.269+03:00  INFO 35800 --- [    Test worker] .s.d.r.c.RepositoryConfigurationDelegate : Multiple Spring Data modules found, entering strict repository configuration mode
2023-06-30T08:37:44.270+03:00  INFO 35800 --- [    Test worker] .s.d.r.c.RepositoryConfigurationDelegate : Bootstrapping Spring Data JDBC repositories in DEFAULT mode.
2023-06-30T08:37:44.300+03:00  INFO 35800 --- [    Test worker] .RepositoryConfigurationExtensionSupport : Spring Data JDBC - Could not safely identify store assignment for repository candidate interface com.example.todoapp.UserData.UserRepository; If you want this repository to be a JDBC repository, consider annotating your entities with one of these annotations: org.springframework.data.relational.core.mapping.Table.
2023-06-30T08:37:44.303+03:00  INFO 35800 --- [    Test worker] .RepositoryConfigurationExtensionSupport : Spring Data JDBC - Could not safely identify store assignment for repository candidate interface com.example.todoapp.WorkItem.WorkItemRepository; If you want this repository to be a JDBC repository, consider annotating your entities with one of these annotations: org.springframework.data.relational.core.mapping.Table.
2023-06-30T08:37:44.305+03:00  INFO 35800 --- [    Test worker] .s.d.r.c.RepositoryConfigurationDelegate : Finished Spring Data repository scanning in 28 ms. Found 0 JDBC repository interfaces.
2023-06-30T08:37:44.328+03:00  INFO 35800 --- [    Test worker] .s.d.r.c.RepositoryConfigurationDelegate : Multiple Spring Data modules found, entering strict repository configuration mode
2023-06-30T08:37:44.330+03:00  INFO 35800 --- [    Test worker] .s.d.r.c.RepositoryConfigurationDelegate : Bootstrapping Spring Data JPA repositories in DEFAULT mode.
2023-06-30T08:37:44.373+03:00  INFO 35800 --- [    Test worker] .s.d.r.c.RepositoryConfigurationDelegate : Finished Spring Data repository scanning in 34 ms. Found 2 JPA repository interfaces.
2023-06-30T08:37:44.836+03:00  INFO 35800 --- [    Test worker] o.hibernate.jpa.internal.util.LogHelper  : HHH000204: Processing PersistenceUnitInfo [name: default]
2023-06-30T08:37:44.906+03:00  INFO 35800 --- [    Test worker] org.hibernate.Version                    : HHH000412: Hibernate ORM core version 6.2.5.Final
2023-06-30T08:37:44.908+03:00  INFO 35800 --- [    Test worker] org.hibernate.cfg.Environment            : HHH000406: Using bytecode reflection optimizer
2023-06-30T08:37:45.059+03:00  INFO 35800 --- [    Test worker] o.h.b.i.BytecodeProviderInitiator        : HHH000021: Bytecode provider name : bytebuddy
2023-06-30T08:37:45.203+03:00  INFO 35800 --- [    Test worker] o.s.o.j.p.SpringPersistenceUnitInfo      : No LoadTimeWeaver setup: ignoring JPA class transformer
2023-06-30T08:37:45.222+03:00  INFO 35800 --- [    Test worker] com.zaxxer.hikari.HikariDataSource       : HikariPool-1 - Starting...
2023-06-30T08:37:45.520+03:00  INFO 35800 --- [    Test worker] com.zaxxer.hikari.pool.HikariPool        : HikariPool-1 - Added connection com.mysql.cj.jdbc.ConnectionImpl@2976ef56
2023-06-30T08:37:45.523+03:00  INFO 35800 --- [    Test worker] com.zaxxer.hikari.HikariDataSource       : HikariPool-1 - Start completed.
2023-06-30T08:37:45.583+03:00  WARN 35800 --- [    Test worker] org.hibernate.orm.deprecation            : HHH90000026: MySQL8Dialect has been deprecated; use org.hibernate.dialect.MySQLDialect instead
2023-06-30T08:37:45.890+03:00  INFO 35800 --- [    Test worker] o.h.b.i.BytecodeProviderInitiator        : HHH000021: Bytecode provider name : bytebuddy
2023-06-30T08:37:46.514+03:00  INFO 35800 --- [    Test worker] o.h.e.t.j.p.i.JtaPlatformInitiator       : HHH000490: Using JtaPlatform implementation: [org.hibernate.engine.transaction.jta.platform.internal.NoJtaPlatform]
2023-06-30T08:37:46.601+03:00  INFO 35800 --- [    Test worker] j.LocalContainerEntityManagerFactoryBean : Initialized JPA EntityManagerFactory for persistence unit 'default'
2023-06-30T08:37:46.975+03:00  INFO 35800 --- [    Test worker] o.s.d.j.r.query.QueryEnhancerFactory     : Hibernate is in classpath; If applicable, HQL parser will be used.
2023-06-30T08:37:47.428+03:00  WARN 35800 --- [    Test worker] JpaBaseConfiguration$JpaWebConfiguration : spring.jpa.open-in-view is enabled by default. Therefore, database queries may be performed during view rendering. Explicitly configure spring.jpa.open-in-view to disable this warning
2023-06-30T08:37:48.695+03:00  INFO 35800 --- [    Test worker] o.s.s.web.DefaultSecurityFilterChain     : Will secure any request with [org.springframework.security.web.session.DisableEncodeUrlFilter@708378cc, org.springframework.security.web.context.request.async.WebAsyncManagerIntegrationFilter@17eb35fa, org.springframework.security.web.context.SecurityContextHolderFilter@4eaf08f4, org.springframework.security.web.header.HeaderWriterFilter@18e4bbec, org.springframework.security.web.authentication.logout.LogoutFilter@65018381, org.springframework.security.web.savedrequest.RequestCacheAwareFilter@295f115d, org.springframework.security.web.servletapi.SecurityContextHolderAwareRequestFilter@17f4276b, org.springframework.security.web.authentication.AnonymousAuthenticationFilter@1d691d4f, org.springframework.security.web.session.SessionManagementFilter@17e427b6, org.springframework.security.web.access.ExceptionTranslationFilter@375376d5, org.springframework.security.web.access.intercept.AuthorizationFilter@27e80cfa]
2023-06-30T08:37:49.603+03:00  INFO 35800 --- [    Test worker] c.e.todoapp.TodoappApplicationTests      : Started TodoappApplicationTests in 6.356 seconds (process running for 7.477)
]]></system-out>
  <system-err><![CDATA[]]></system-err>
</testsuite>
